2021-10-30 11:56:04.857  INFO 8937 --- [main] c.h.a.c.CustomScannersServiceApplication : Starting CustomScannersServiceApplication on linux with PID 8937 (/home/yuri/.vscode/extensions/hcltechnologies.hclappscancodesweep-1.1.4/lib/custom-scanners-service-1.0.11.jar started by yuri in /home/yuri/Documents/Projets/netflix_plateform/app)
2021-10-30 11:56:04.880  INFO 8937 --- [main] c.h.a.c.CustomScannersServiceApplication : No active profile set, falling back to default profiles: default
2021-10-30 11:56:08.253  INFO 8937 --- [main] o.s.b.w.embedded.tomcat.TomcatWebServer  : Tomcat initialized with port(s): 9221 (http)
2021-10-30 11:56:08.274  INFO 8937 --- [main] o.apache.catalina.core.StandardService   : Starting service [Tomcat]
2021-10-30 11:56:08.275  INFO 8937 --- [main] org.apache.catalina.core.StandardEngine  : Starting Servlet engine: [Apache Tomcat/9.0.29]
2021-10-30 11:56:08.404  INFO 8937 --- [main] o.a.c.c.C.[Tomcat].[localhost].[/]       : Initializing Spring embedded WebApplicationContext
2021-10-30 11:56:08.404 DEBUG 8937 --- [main] o.s.web.context.ContextLoader            : Published root WebApplicationContext as ServletContext attribute with name [org.springframework.web.context.WebApplicationContext.ROOT]
2021-10-30 11:56:08.404  INFO 8937 --- [main] o.s.web.context.ContextLoader            : Root WebApplicationContext: initialization completed in 3336 ms
2021-10-30 11:56:08.720 DEBUG 8937 --- [main] o.s.b.w.s.ServletContextInitializerBeans : Mapping filters: filterRegistrationBean urls=[/*] order=-2147483647, characterEncodingFilter urls=[/*] order=-2147483648, formContentFilter urls=[/*] order=-9900, requestContextFilter urls=[/*] order=-105
2021-10-30 11:56:08.722 DEBUG 8937 --- [main] o.s.b.w.s.ServletContextInitializerBeans : Mapping servlets: dispatcherServlet urls=[/]
2021-10-30 11:56:12.095 DEBUG 8937 --- [main] s.w.s.m.m.a.RequestMappingHandlerMapping : 19 mappings in 'requestMappingHandlerMapping'
2021-10-30 11:56:12.185  INFO 8937 --- [main] o.s.b.a.e.web.EndpointLinksResolver      : Exposing 2 endpoint(s) beneath base path '/actuator'
2021-10-30 11:56:12.324  INFO 8937 --- [main] pertySourcedRequestMappingHandlerMapping : Mapped URL path [/v2/api-docs] onto method [springfox.documentation.swagger2.web.Swagger2Controller#getDocumentation(String, HttpServletRequest)]
2021-10-30 11:56:12.472  INFO 8937 --- [main] o.s.s.concurrent.ThreadPoolTaskExecutor  : Initializing ExecutorService 'applicationTaskExecutor'
2021-10-30 11:56:12.503 DEBUG 8937 --- [main] s.w.s.m.m.a.RequestMappingHandlerAdapter : ControllerAdvice beans: 0 @ModelAttribute, 0 @InitBinder, 1 RequestBodyAdvice, 1 ResponseBodyAdvice
2021-10-30 11:56:12.777 DEBUG 8937 --- [main] o.s.w.s.handler.SimpleUrlHandlerMapping  : Patterns [/webjars/**, /**] in 'resourceHandlerMapping'
2021-10-30 11:56:12.798 DEBUG 8937 --- [main] .m.m.a.ExceptionHandlerExceptionResolver : ControllerAdvice beans: 1 @ExceptionHandler, 1 ResponseBodyAdvice
2021-10-30 11:56:12.917  INFO 8937 --- [main] d.s.w.p.DocumentationPluginsBootstrapper : Context refreshed
2021-10-30 11:56:12.992  INFO 8937 --- [main] d.s.w.p.DocumentationPluginsBootstrapper : Found 1 custom documentation plugin(s)
2021-10-30 11:56:13.077  INFO 8937 --- [main] s.d.s.w.s.ApiListingReferenceScanner     : Scanning for api listing references
2021-10-30 11:56:13.626  INFO 8937 --- [main] o.s.b.w.embedded.tomcat.TomcatWebServer  : Tomcat started on port(s): 9221 (http) with context path ''
2021-10-30 11:56:13.634  INFO 8937 --- [main] c.h.a.c.CustomScannersServiceApplication : Started CustomScannersServiceApplication in 11.12 seconds (JVM running for 14.241)
2021-10-30 11:57:08.500  INFO 8937 --- [http-nio-9221-exec-1] o.a.c.c.C.[Tomcat].[localhost].[/]       : Initializing Spring DispatcherServlet 'dispatcherServlet'
2021-10-30 11:57:08.503  INFO 8937 --- [http-nio-9221-exec-1] o.s.web.servlet.DispatcherServlet        : Initializing Servlet 'dispatcherServlet'
2021-10-30 11:57:08.505 DEBUG 8937 --- [http-nio-9221-exec-1] o.s.web.servlet.DispatcherServlet        : Detected StandardServletMultipartResolver
2021-10-30 11:57:08.522 DEBUG 8937 --- [http-nio-9221-exec-1] o.s.web.servlet.DispatcherServlet        : enableLoggingRequestDetails='false': request parameters and headers will be masked to prevent unsafe logging of potentially sensitive data
2021-10-30 11:57:08.523  INFO 8937 --- [http-nio-9221-exec-1] o.s.web.servlet.DispatcherServlet        : Completed initialization in 19 ms
2021-10-30 11:57:08.638 DEBUG 8937 --- [http-nio-9221-exec-1] o.s.web.servlet.DispatcherServlet        : POST "/v1/scanFile", parameters={masked}
2021-10-30 11:57:08.678 DEBUG 8937 --- [http-nio-9221-exec-1] s.w.s.m.m.a.RequestMappingHandlerMapping : Mapped to com.hcl.appscan.customscannersservice.controller.CustomScannersController#runScanFile(MultipartFile, String, int[])
2021-10-30 11:57:08.873  WARN 8937 --- [http-nio-9221-exec-1] c.h.a.c.service.ArticleProvider          : Aucun article trouvé pour vulnName : Potential user controlled data within PHP converted to HTML
2021-10-30 11:57:08.890 DEBUG 8937 --- [http-nio-9221-exec-1] o.s.w.s.m.m.a.HttpEntityMethodProcessor  : Using 'application/json', given [application/json] and supported [application/json]
2021-10-30 11:57:08.941 DEBUG 8937 --- [http-nio-9221-exec-1] o.s.w.s.m.m.a.HttpEntityMethodProcessor  : Writing [CustomScannerServiceResult{findings=[CustomScannersServiceFinding{file='account-list.blade.php', lin (truncated)...]
2021-10-30 11:57:09.211 DEBUG 8937 --- [http-nio-9221-exec-1] o.s.web.servlet.DispatcherServlet        : Completed 200 OK
2021-10-30 11:57:13.798 DEBUG 8937 --- [http-nio-9221-exec-2] o.s.web.servlet.DispatcherServlet        : GET "/v1/ignore/ruleName", parameters={}
2021-10-30 11:57:13.799 DEBUG 8937 --- [http-nio-9221-exec-2] s.w.s.m.m.a.RequestMappingHandlerMapping : Mapped to com.hcl.appscan.customscannersservice.controller.CustomScannersController#getRuleNameIgnoreRules()
2021-10-30 11:57:13.809 DEBUG 8937 --- [http-nio-9221-exec-2] o.s.w.s.m.m.a.HttpEntityMethodProcessor  : Using 'application/json', given [application/json] and supported [application/json]
2021-10-30 11:57:13.811 DEBUG 8937 --- [http-nio-9221-exec-3] o.s.web.servlet.DispatcherServlet        : POST "/v1/scanFile", parameters={masked}
2021-10-30 11:57:13.816 DEBUG 8937 --- [http-nio-9221-exec-3] s.w.s.m.m.a.RequestMappingHandlerMapping : Mapped to com.hcl.appscan.customscannersservice.controller.CustomScannersController#runScanFile(MultipartFile, String, int[])
2021-10-30 11:57:13.833 DEBUG 8937 --- [http-nio-9221-exec-2] o.s.w.s.m.m.a.HttpEntityMethodProcessor  : Writing [[]]
2021-10-30 11:57:13.853 DEBUG 8937 --- [http-nio-9221-exec-2] o.s.web.servlet.DispatcherServlet        : Completed 200 OK
2021-10-30 11:57:13.952 DEBUG 8937 --- [http-nio-9221-exec-3] o.s.w.s.m.m.a.HttpEntityMethodProcessor  : Using 'application/json', given [application/json] and supported [application/json]
2021-10-30 11:57:13.953 DEBUG 8937 --- [http-nio-9221-exec-3] o.s.w.s.m.m.a.HttpEntityMethodProcessor  : Writing [CustomScannerServiceResult{findings=[], articles={}}]
2021-10-30 11:57:13.958 DEBUG 8937 --- [http-nio-9221-exec-3] o.s.web.servlet.DispatcherServlet        : Completed 200 OK
2021-10-30 11:57:55.703 DEBUG 8937 --- [http-nio-9221-exec-4] o.s.web.servlet.DispatcherServlet        : GET "/v1/ignore/ruleName", parameters={}
2021-10-30 11:57:55.706 DEBUG 8937 --- [http-nio-9221-exec-4] s.w.s.m.m.a.RequestMappingHandlerMapping : Mapped to com.hcl.appscan.customscannersservice.controller.CustomScannersController#getRuleNameIgnoreRules()
2021-10-30 11:57:55.706 DEBUG 8937 --- [http-nio-9221-exec-4] o.s.w.s.m.m.a.HttpEntityMethodProcessor  : Using 'application/json', given [application/json] and supported [application/json]
2021-10-30 11:57:55.707 DEBUG 8937 --- [http-nio-9221-exec-4] o.s.w.s.m.m.a.HttpEntityMethodProcessor  : Writing [[]]
2021-10-30 11:57:55.711 DEBUG 8937 --- [http-nio-9221-exec-4] o.s.web.servlet.DispatcherServlet        : Completed 200 OK
2021-10-30 11:57:55.727 DEBUG 8937 --- [http-nio-9221-exec-5] o.s.web.servlet.DispatcherServlet        : POST "/v1/scanFile", parameters={masked}
2021-10-30 11:57:55.729 DEBUG 8937 --- [http-nio-9221-exec-5] s.w.s.m.m.a.RequestMappingHandlerMapping : Mapped to com.hcl.appscan.customscannersservice.controller.CustomScannersController#runScanFile(MultipartFile, String, int[])
2021-10-30 11:57:55.804 DEBUG 8937 --- [http-nio-9221-exec-5] o.s.w.s.m.m.a.HttpEntityMethodProcessor  : Using 'application/json', given [application/json] and supported [application/json]
2021-10-30 11:57:55.805 DEBUG 8937 --- [http-nio-9221-exec-5] o.s.w.s.m.m.a.HttpEntityMethodProcessor  : Writing [CustomScannerServiceResult{findings=[], articles={}}]
2021-10-30 11:57:55.807 DEBUG 8937 --- [http-nio-9221-exec-5] o.s.web.servlet.DispatcherServlet        : Completed 200 OK
2021-10-30 11:59:07.819 DEBUG 8937 --- [http-nio-9221-exec-6] o.s.web.servlet.DispatcherServlet        : POST "/v1/scanFile", parameters={masked}
2021-10-30 11:59:07.823 DEBUG 8937 --- [http-nio-9221-exec-6] s.w.s.m.m.a.RequestMappingHandlerMapping : Mapped to com.hcl.appscan.customscannersservice.controller.CustomScannersController#runScanFile(MultipartFile, String, int[])
2021-10-30 11:59:07.907  WARN 8937 --- [http-nio-9221-exec-6] c.h.a.c.service.ArticleProvider          : Aucun article trouvé pour vulnName : Potential user controlled data within PHP converted to HTML
2021-10-30 11:59:07.910 DEBUG 8937 --- [http-nio-9221-exec-6] o.s.w.s.m.m.a.HttpEntityMethodProcessor  : Using 'application/json', given [application/json] and supported [application/json]
2021-10-30 11:59:07.912 DEBUG 8937 --- [http-nio-9221-exec-6] o.s.w.s.m.m.a.HttpEntityMethodProcessor  : Writing [CustomScannerServiceResult{findings=[CustomScannersServiceFinding{file='account-list.blade.php', lin (truncated)...]
2021-10-30 11:59:07.934 DEBUG 8937 --- [http-nio-9221-exec-6] o.s.web.servlet.DispatcherServlet        : Completed 200 OK
2021-10-30 11:59:11.198 DEBUG 8937 --- [http-nio-9221-exec-7] o.s.web.servlet.DispatcherServlet        : POST "/v1/scanFile", parameters={masked}
2021-10-30 11:59:11.201 DEBUG 8937 --- [http-nio-9221-exec-7] s.w.s.m.m.a.RequestMappingHandlerMapping : Mapped to com.hcl.appscan.customscannersservice.controller.CustomScannersController#runScanFile(MultipartFile, String, int[])
2021-10-30 11:59:11.263  WARN 8937 --- [http-nio-9221-exec-7] c.h.a.c.service.ArticleProvider          : Aucun article trouvé pour vulnName : Potential user controlled data within PHP converted to HTML
2021-10-30 11:59:11.271 DEBUG 8937 --- [http-nio-9221-exec-7] o.s.w.s.m.m.a.HttpEntityMethodProcessor  : Using 'application/json', given [application/json] and supported [application/json]
2021-10-30 11:59:11.278 DEBUG 8937 --- [http-nio-9221-exec-7] o.s.w.s.m.m.a.HttpEntityMethodProcessor  : Writing [CustomScannerServiceResult{findings=[CustomScannersServiceFinding{file='account-list.blade.php', lin (truncated)...]
2021-10-30 11:59:11.304 DEBUG 8937 --- [http-nio-9221-exec-7] o.s.web.servlet.DispatcherServlet        : Completed 200 OK
2021-10-30 11:59:22.988 DEBUG 8937 --- [http-nio-9221-exec-8] o.s.web.servlet.DispatcherServlet        : POST "/v1/scanFile", parameters={masked}
2021-10-30 11:59:22.989 DEBUG 8937 --- [http-nio-9221-exec-8] s.w.s.m.m.a.RequestMappingHandlerMapping : Mapped to com.hcl.appscan.customscannersservice.controller.CustomScannersController#runScanFile(MultipartFile, String, int[])
2021-10-30 11:59:23.044  WARN 8937 --- [http-nio-9221-exec-8] c.h.a.c.service.ArticleProvider          : Aucun article trouvé pour vulnName : Potential user controlled data within PHP converted to HTML
2021-10-30 11:59:23.048 DEBUG 8937 --- [http-nio-9221-exec-8] o.s.w.s.m.m.a.HttpEntityMethodProcessor  : Using 'application/json', given [application/json] and supported [application/json]
2021-10-30 11:59:23.050 DEBUG 8937 --- [http-nio-9221-exec-8] o.s.w.s.m.m.a.HttpEntityMethodProcessor  : Writing [CustomScannerServiceResult{findings=[CustomScannersServiceFinding{file='account-list.blade.php', lin (truncated)...]
2021-10-30 11:59:23.063 DEBUG 8937 --- [http-nio-9221-exec-8] o.s.web.servlet.DispatcherServlet        : Completed 200 OK
2021-10-30 12:08:23.214 DEBUG 8937 --- [http-nio-9221-exec-9] o.s.web.servlet.DispatcherServlet        : POST "/v1/scanFile", parameters={masked}
2021-10-30 12:08:23.223 DEBUG 8937 --- [http-nio-9221-exec-9] s.w.s.m.m.a.RequestMappingHandlerMapping : Mapped to com.hcl.appscan.customscannersservice.controller.CustomScannersController#runScanFile(MultipartFile, String, int[])
2021-10-30 12:08:23.303  WARN 8937 --- [http-nio-9221-exec-9] c.h.a.c.service.ArticleProvider          : Aucun article trouvé pour vulnName : Potential user controlled data within PHP converted to HTML
2021-10-30 12:08:23.311 DEBUG 8937 --- [http-nio-9221-exec-9] o.s.w.s.m.m.a.HttpEntityMethodProcessor  : Using 'application/json', given [application/json] and supported [application/json]
2021-10-30 12:08:23.316 DEBUG 8937 --- [http-nio-9221-exec-9] o.s.w.s.m.m.a.HttpEntityMethodProcessor  : Writing [CustomScannerServiceResult{findings=[CustomScannersServiceFinding{file='account-list.blade.php', lin (truncated)...]
2021-10-30 12:08:23.332 DEBUG 8937 --- [http-nio-9221-exec-9] o.s.web.servlet.DispatcherServlet        : Completed 200 OK
2021-10-30 12:08:33.166 DEBUG 8937 --- [http-nio-9221-exec-10] o.s.web.servlet.DispatcherServlet        : POST "/v1/scanFile", parameters={masked}
2021-10-30 12:08:33.174 DEBUG 8937 --- [http-nio-9221-exec-10] s.w.s.m.m.a.RequestMappingHandlerMapping : Mapped to com.hcl.appscan.customscannersservice.controller.CustomScannersController#runScanFile(MultipartFile, String, int[])
2021-10-30 12:08:33.268  WARN 8937 --- [http-nio-9221-exec-10] c.h.a.c.service.ArticleProvider          : Aucun article trouvé pour vulnName : Potential user controlled data within PHP converted to HTML
2021-10-30 12:08:33.270 DEBUG 8937 --- [http-nio-9221-exec-10] o.s.w.s.m.m.a.HttpEntityMethodProcessor  : Using 'application/json', given [application/json] and supported [application/json]
2021-10-30 12:08:33.272 DEBUG 8937 --- [http-nio-9221-exec-10] o.s.w.s.m.m.a.HttpEntityMethodProcessor  : Writing [CustomScannerServiceResult{findings=[CustomScannersServiceFinding{file='account-list.blade.php', lin (truncated)...]
2021-10-30 12:08:33.281 DEBUG 8937 --- [http-nio-9221-exec-10] o.s.web.servlet.DispatcherServlet        : Completed 200 OK
2021-10-30 12:08:35.839 DEBUG 8937 --- [http-nio-9221-exec-1] o.s.web.servlet.DispatcherServlet        : POST "/v1/scanFile", parameters={masked}
2021-10-30 12:08:35.846 DEBUG 8937 --- [http-nio-9221-exec-1] s.w.s.m.m.a.RequestMappingHandlerMapping : Mapped to com.hcl.appscan.customscannersservice.controller.CustomScannersController#runScanFile(MultipartFile, String, int[])
2021-10-30 12:08:35.911  WARN 8937 --- [http-nio-9221-exec-1] c.h.a.c.service.ArticleProvider          : Aucun article trouvé pour vulnName : Potential user controlled data within PHP converted to HTML
2021-10-30 12:08:35.925 DEBUG 8937 --- [http-nio-9221-exec-1] o.s.w.s.m.m.a.HttpEntityMethodProcessor  : Using 'application/json', given [application/json] and supported [application/json]
2021-10-30 12:08:35.925 DEBUG 8937 --- [http-nio-9221-exec-1] o.s.w.s.m.m.a.HttpEntityMethodProcessor  : Writing [CustomScannerServiceResult{findings=[CustomScannersServiceFinding{file='account-list.blade.php', lin (truncated)...]
2021-10-30 12:08:35.935 DEBUG 8937 --- [http-nio-9221-exec-1] o.s.web.servlet.DispatcherServlet        : Completed 200 OK
2021-10-30 12:09:48.777 DEBUG 8937 --- [http-nio-9221-exec-2] o.s.web.servlet.DispatcherServlet        : POST "/v1/scanFile", parameters={masked}
2021-10-30 12:09:48.779 DEBUG 8937 --- [http-nio-9221-exec-2] s.w.s.m.m.a.RequestMappingHandlerMapping : Mapped to com.hcl.appscan.customscannersservice.controller.CustomScannersController#runScanFile(MultipartFile, String, int[])
2021-10-30 12:09:48.866  WARN 8937 --- [http-nio-9221-exec-2] c.h.a.c.service.ArticleProvider          : Aucun article trouvé pour vulnName : Private Data Logged Sink
2021-10-30 12:09:48.867  WARN 8937 --- [http-nio-9221-exec-2] c.h.a.c.service.ArticleProvider          : Aucun article trouvé pour vulnName : Potential user controlled data within PHP converted to HTML
2021-10-30 12:09:48.881 DEBUG 8937 --- [http-nio-9221-exec-2] o.s.w.s.m.m.a.HttpEntityMethodProcessor  : Using 'application/json', given [application/json] and supported [application/json]
2021-10-30 12:09:48.883 DEBUG 8937 --- [http-nio-9221-exec-2] o.s.w.s.m.m.a.HttpEntityMethodProcessor  : Writing [CustomScannerServiceResult{findings=[CustomScannersServiceFinding{file='account-list.blade.php', lin (truncated)...]
2021-10-30 12:09:48.894 DEBUG 8937 --- [http-nio-9221-exec-2] o.s.web.servlet.DispatcherServlet        : Completed 200 OK
2021-10-30 12:09:49.260 DEBUG 8937 --- [http-nio-9221-exec-3] o.s.web.servlet.DispatcherServlet        : POST "/v1/scanFile", parameters={masked}
2021-10-30 12:09:49.261 DEBUG 8937 --- [http-nio-9221-exec-3] s.w.s.m.m.a.RequestMappingHandlerMapping : Mapped to com.hcl.appscan.customscannersservice.controller.CustomScannersController#runScanFile(MultipartFile, String, int[])
2021-10-30 12:09:49.376  WARN 8937 --- [http-nio-9221-exec-3] c.h.a.c.service.ArticleProvider          : Aucun article trouvé pour vulnName : Private Data Logged Sink
2021-10-30 12:09:49.386  WARN 8937 --- [http-nio-9221-exec-3] c.h.a.c.service.ArticleProvider          : Aucun article trouvé pour vulnName : Potential user controlled data within PHP converted to HTML
2021-10-30 12:09:49.388 DEBUG 8937 --- [http-nio-9221-exec-3] o.s.w.s.m.m.a.HttpEntityMethodProcessor  : Using 'application/json', given [application/json] and supported [application/json]
2021-10-30 12:09:49.391 DEBUG 8937 --- [http-nio-9221-exec-3] o.s.w.s.m.m.a.HttpEntityMethodProcessor  : Writing [CustomScannerServiceResult{findings=[CustomScannersServiceFinding{file='account-list.blade.php', lin (truncated)...]
2021-10-30 12:09:49.399 DEBUG 8937 --- [http-nio-9221-exec-3] o.s.web.servlet.DispatcherServlet        : Completed 200 OK
2021-10-30 12:09:49.477 DEBUG 8937 --- [http-nio-9221-exec-4] o.s.web.servlet.DispatcherServlet        : POST "/v1/scanFile", parameters={masked}
2021-10-30 12:09:49.479 DEBUG 8937 --- [http-nio-9221-exec-4] s.w.s.m.m.a.RequestMappingHandlerMapping : Mapped to com.hcl.appscan.customscannersservice.controller.CustomScannersController#runScanFile(MultipartFile, String, int[])
2021-10-30 12:09:49.560  WARN 8937 --- [http-nio-9221-exec-4] c.h.a.c.service.ArticleProvider          : Aucun article trouvé pour vulnName : Private Data Logged Sink
2021-10-30 12:09:49.566  WARN 8937 --- [http-nio-9221-exec-4] c.h.a.c.service.ArticleProvider          : Aucun article trouvé pour vulnName : Potential user controlled data within PHP converted to HTML
2021-10-30 12:09:49.571 DEBUG 8937 --- [http-nio-9221-exec-4] o.s.w.s.m.m.a.HttpEntityMethodProcessor  : Using 'application/json', given [application/json] and supported [application/json]
2021-10-30 12:09:49.579 DEBUG 8937 --- [http-nio-9221-exec-4] o.s.w.s.m.m.a.HttpEntityMethodProcessor  : Writing [CustomScannerServiceResult{findings=[CustomScannersServiceFinding{file='account-list.blade.php', lin (truncated)...]
2021-10-30 12:09:49.600 DEBUG 8937 --- [http-nio-9221-exec-4] o.s.web.servlet.DispatcherServlet        : Completed 200 OK
2021-10-30 12:10:14.559 DEBUG 8937 --- [http-nio-9221-exec-5] o.s.web.servlet.DispatcherServlet        : POST "/v1/scanFile", parameters={masked}
2021-10-30 12:10:14.573 DEBUG 8937 --- [http-nio-9221-exec-5] s.w.s.m.m.a.RequestMappingHandlerMapping : Mapped to com.hcl.appscan.customscannersservice.controller.CustomScannersController#runScanFile(MultipartFile, String, int[])
2021-10-30 12:10:14.634  WARN 8937 --- [http-nio-9221-exec-5] c.h.a.c.service.ArticleProvider          : Aucun article trouvé pour vulnName : Private Data Logged Sink
2021-10-30 12:10:14.635  WARN 8937 --- [http-nio-9221-exec-5] c.h.a.c.service.ArticleProvider          : Aucun article trouvé pour vulnName : Potential user controlled data within PHP converted to HTML
2021-10-30 12:10:14.635  WARN 8937 --- [http-nio-9221-exec-5] c.h.a.c.service.ArticleProvider          : Aucun article trouvé pour vulnName : Potential user controlled data within PHP converted to HTML
2021-10-30 12:10:14.636 DEBUG 8937 --- [http-nio-9221-exec-5] o.s.w.s.m.m.a.HttpEntityMethodProcessor  : Using 'application/json', given [application/json] and supported [application/json]
2021-10-30 12:10:14.636 DEBUG 8937 --- [http-nio-9221-exec-5] o.s.w.s.m.m.a.HttpEntityMethodProcessor  : Writing [CustomScannerServiceResult{findings=[CustomScannersServiceFinding{file='account-list.blade.php', lin (truncated)...]
2021-10-30 12:10:14.664 DEBUG 8937 --- [http-nio-9221-exec-5] o.s.web.servlet.DispatcherServlet        : Completed 200 OK
2021-10-30 12:10:18.874 DEBUG 8937 --- [http-nio-9221-exec-6] o.s.web.servlet.DispatcherServlet        : POST "/v1/scanFile", parameters={masked}
2021-10-30 12:10:18.875 DEBUG 8937 --- [http-nio-9221-exec-6] s.w.s.m.m.a.RequestMappingHandlerMapping : Mapped to com.hcl.appscan.customscannersservice.controller.CustomScannersController#runScanFile(MultipartFile, String, int[])
2021-10-30 12:10:18.944  WARN 8937 --- [http-nio-9221-exec-6] c.h.a.c.service.ArticleProvider          : Aucun article trouvé pour vulnName : Private Data Logged Sink
2021-10-30 12:10:18.944  WARN 8937 --- [http-nio-9221-exec-6] c.h.a.c.service.ArticleProvider          : Aucun article trouvé pour vulnName : Potential user controlled data within PHP converted to HTML
2021-10-30 12:10:18.945  WARN 8937 --- [http-nio-9221-exec-6] c.h.a.c.service.ArticleProvider          : Aucun article trouvé pour vulnName : Potential user controlled data within PHP converted to HTML
2021-10-30 12:10:18.946 DEBUG 8937 --- [http-nio-9221-exec-6] o.s.w.s.m.m.a.HttpEntityMethodProcessor  : Using 'application/json', given [application/json] and supported [application/json]
2021-10-30 12:10:18.946 DEBUG 8937 --- [http-nio-9221-exec-6] o.s.w.s.m.m.a.HttpEntityMethodProcessor  : Writing [CustomScannerServiceResult{findings=[CustomScannersServiceFinding{file='account-list.blade.php', lin (truncated)...]
2021-10-30 12:10:18.975 DEBUG 8937 --- [http-nio-9221-exec-6] o.s.web.servlet.DispatcherServlet        : Completed 200 OK
2021-10-30 12:10:35.049 DEBUG 8937 --- [http-nio-9221-exec-7] o.s.web.servlet.DispatcherServlet        : POST "/v1/scanFile", parameters={masked}
2021-10-30 12:10:35.052 DEBUG 8937 --- [http-nio-9221-exec-7] s.w.s.m.m.a.RequestMappingHandlerMapping : Mapped to com.hcl.appscan.customscannersservice.controller.CustomScannersController#runScanFile(MultipartFile, String, int[])
2021-10-30 12:10:35.186  WARN 8937 --- [http-nio-9221-exec-7] c.h.a.c.service.ArticleProvider          : Aucun article trouvé pour vulnName : Private Data Logged Sink
2021-10-30 12:10:35.187  WARN 8937 --- [http-nio-9221-exec-7] c.h.a.c.service.ArticleProvider          : Aucun article trouvé pour vulnName : Potential user controlled data within PHP converted to HTML
2021-10-30 12:10:35.188  WARN 8937 --- [http-nio-9221-exec-7] c.h.a.c.service.ArticleProvider          : Aucun article trouvé pour vulnName : Potential user controlled data within PHP converted to HTML
2021-10-30 12:10:35.189 DEBUG 8937 --- [http-nio-9221-exec-7] o.s.w.s.m.m.a.HttpEntityMethodProcessor  : Using 'application/json', given [application/json] and supported [application/json]
2021-10-30 12:10:35.191 DEBUG 8937 --- [http-nio-9221-exec-7] o.s.w.s.m.m.a.HttpEntityMethodProcessor  : Writing [CustomScannerServiceResult{findings=[CustomScannersServiceFinding{file='account-list.blade.php', lin (truncated)...]
2021-10-30 12:10:35.217 DEBUG 8937 --- [http-nio-9221-exec-7] o.s.web.servlet.DispatcherServlet        : Completed 200 OK
2021-10-30 12:10:38.022 DEBUG 8937 --- [http-nio-9221-exec-8] o.s.web.servlet.DispatcherServlet        : POST "/v1/scanFile", parameters={masked}
2021-10-30 12:10:38.023 DEBUG 8937 --- [http-nio-9221-exec-8] s.w.s.m.m.a.RequestMappingHandlerMapping : Mapped to com.hcl.appscan.customscannersservice.controller.CustomScannersController#runScanFile(MultipartFile, String, int[])
2021-10-30 12:10:38.071  WARN 8937 --- [http-nio-9221-exec-8] c.h.a.c.service.ArticleProvider          : Aucun article trouvé pour vulnName : Potential user controlled data within PHP converted to HTML
2021-10-30 12:10:38.072  WARN 8937 --- [http-nio-9221-exec-8] c.h.a.c.service.ArticleProvider          : Aucun article trouvé pour vulnName : Private Data Logged Sink
2021-10-30 12:10:38.073  WARN 8937 --- [http-nio-9221-exec-8] c.h.a.c.service.ArticleProvider          : Aucun article trouvé pour vulnName : Potential user controlled data within PHP converted to HTML
2021-10-30 12:10:38.076 DEBUG 8937 --- [http-nio-9221-exec-8] o.s.w.s.m.m.a.HttpEntityMethodProcessor  : Using 'application/json', given [application/json] and supported [application/json]
2021-10-30 12:10:38.078 DEBUG 8937 --- [http-nio-9221-exec-8] o.s.w.s.m.m.a.HttpEntityMethodProcessor  : Writing [CustomScannerServiceResult{findings=[CustomScannersServiceFinding{file='account-list.blade.php', lin (truncated)...]
2021-10-30 12:10:38.088 DEBUG 8937 --- [http-nio-9221-exec-8] o.s.web.servlet.DispatcherServlet        : Completed 200 OK
2021-10-30 12:10:40.057 DEBUG 8937 --- [http-nio-9221-exec-9] o.s.web.servlet.DispatcherServlet        : POST "/v1/scanFile", parameters={masked}
2021-10-30 12:10:40.066 DEBUG 8937 --- [http-nio-9221-exec-9] s.w.s.m.m.a.RequestMappingHandlerMapping : Mapped to com.hcl.appscan.customscannersservice.controller.CustomScannersController#runScanFile(MultipartFile, String, int[])
2021-10-30 12:10:40.152  WARN 8937 --- [http-nio-9221-exec-9] c.h.a.c.service.ArticleProvider          : Aucun article trouvé pour vulnName : Potential user controlled data within PHP converted to HTML
2021-10-30 12:10:40.165  WARN 8937 --- [http-nio-9221-exec-9] c.h.a.c.service.ArticleProvider          : Aucun article trouvé pour vulnName : Private Data Logged Sink
2021-10-30 12:10:40.165  WARN 8937 --- [http-nio-9221-exec-9] c.h.a.c.service.ArticleProvider          : Aucun article trouvé pour vulnName : Potential user controlled data within PHP converted to HTML
2021-10-30 12:10:40.166 DEBUG 8937 --- [http-nio-9221-exec-9] o.s.w.s.m.m.a.HttpEntityMethodProcessor  : Using 'application/json', given [application/json] and supported [application/json]
2021-10-30 12:10:40.167 DEBUG 8937 --- [http-nio-9221-exec-9] o.s.w.s.m.m.a.HttpEntityMethodProcessor  : Writing [CustomScannerServiceResult{findings=[CustomScannersServiceFinding{file='account-list.blade.php', lin (truncated)...]
2021-10-30 12:10:40.181 DEBUG 8937 --- [http-nio-9221-exec-9] o.s.web.servlet.DispatcherServlet        : Completed 200 OK
2021-10-30 12:12:22.309 DEBUG 8937 --- [http-nio-9221-exec-10] o.s.web.servlet.DispatcherServlet        : POST "/v1/scanFile", parameters={masked}
2021-10-30 12:12:22.310 DEBUG 8937 --- [http-nio-9221-exec-10] s.w.s.m.m.a.RequestMappingHandlerMapping : Mapped to com.hcl.appscan.customscannersservice.controller.CustomScannersController#runScanFile(MultipartFile, String, int[])
2021-10-30 12:12:22.358  WARN 8937 --- [http-nio-9221-exec-10] c.h.a.c.service.ArticleProvider          : Aucun article trouvé pour vulnName : Potential user controlled data within PHP converted to HTML
2021-10-30 12:12:22.360  WARN 8937 --- [http-nio-9221-exec-10] c.h.a.c.service.ArticleProvider          : Aucun article trouvé pour vulnName : Private Data Logged Sink
2021-10-30 12:12:22.361  WARN 8937 --- [http-nio-9221-exec-10] c.h.a.c.service.ArticleProvider          : Aucun article trouvé pour vulnName : Potential user controlled data within PHP converted to HTML
2021-10-30 12:12:22.364 DEBUG 8937 --- [http-nio-9221-exec-10] o.s.w.s.m.m.a.HttpEntityMethodProcessor  : Using 'application/json', given [application/json] and supported [application/json]
2021-10-30 12:12:22.367 DEBUG 8937 --- [http-nio-9221-exec-10] o.s.w.s.m.m.a.HttpEntityMethodProcessor  : Writing [CustomScannerServiceResult{findings=[CustomScannersServiceFinding{file='account-list.blade.php', lin (truncated)...]
2021-10-30 12:12:22.377 DEBUG 8937 --- [http-nio-9221-exec-10] o.s.web.servlet.DispatcherServlet        : Completed 200 OK
2021-10-30 12:12:45.530 DEBUG 8937 --- [http-nio-9221-exec-1] o.s.web.servlet.DispatcherServlet        : POST "/v1/scanFile", parameters={masked}
2021-10-30 12:12:45.532 DEBUG 8937 --- [http-nio-9221-exec-1] s.w.s.m.m.a.RequestMappingHandlerMapping : Mapped to com.hcl.appscan.customscannersservice.controller.CustomScannersController#runScanFile(MultipartFile, String, int[])
2021-10-30 12:12:45.573  WARN 8937 --- [http-nio-9221-exec-1] c.h.a.c.service.ArticleProvider          : Aucun article trouvé pour vulnName : Potential user controlled data within PHP converted to HTML
2021-10-30 12:12:45.574  WARN 8937 --- [http-nio-9221-exec-1] c.h.a.c.service.ArticleProvider          : Aucun article trouvé pour vulnName : Private Data Logged Sink
2021-10-30 12:12:45.574 DEBUG 8937 --- [http-nio-9221-exec-1] o.s.w.s.m.m.a.HttpEntityMethodProcessor  : Using 'application/json', given [application/json] and supported [application/json]
2021-10-30 12:12:45.575 DEBUG 8937 --- [http-nio-9221-exec-1] o.s.w.s.m.m.a.HttpEntityMethodProcessor  : Writing [CustomScannerServiceResult{findings=[CustomScannersServiceFinding{file='account-list.blade.php', lin (truncated)...]
2021-10-30 12:12:45.581 DEBUG 8937 --- [http-nio-9221-exec-1] o.s.web.servlet.DispatcherServlet        : Completed 200 OK
2021-10-30 12:13:07.392 DEBUG 8937 --- [http-nio-9221-exec-2] o.s.web.servlet.DispatcherServlet        : POST "/v1/scanFile", parameters={masked}
2021-10-30 12:13:07.398 DEBUG 8937 --- [http-nio-9221-exec-2] s.w.s.m.m.a.RequestMappingHandlerMapping : Mapped to com.hcl.appscan.customscannersservice.controller.CustomScannersController#runScanFile(MultipartFile, String, int[])
2021-10-30 12:13:07.444  WARN 8937 --- [http-nio-9221-exec-2] c.h.a.c.service.ArticleProvider          : Aucun article trouvé pour vulnName : Potential user controlled data within PHP converted to HTML
2021-10-30 12:13:07.444  WARN 8937 --- [http-nio-9221-exec-2] c.h.a.c.service.ArticleProvider          : Aucun article trouvé pour vulnName : Private Data Logged Sink
2021-10-30 12:13:07.444  WARN 8937 --- [http-nio-9221-exec-2] c.h.a.c.service.ArticleProvider          : Aucun article trouvé pour vulnName : Private Data Logged Sink
2021-10-30 12:13:07.445 DEBUG 8937 --- [http-nio-9221-exec-2] o.s.w.s.m.m.a.HttpEntityMethodProcessor  : Using 'application/json', given [application/json] and supported [application/json]
2021-10-30 12:13:07.446 DEBUG 8937 --- [http-nio-9221-exec-2] o.s.w.s.m.m.a.HttpEntityMethodProcessor  : Writing [CustomScannerServiceResult{findings=[CustomScannersServiceFinding{file='account-list.blade.php', lin (truncated)...]
2021-10-30 12:13:07.450 DEBUG 8937 --- [http-nio-9221-exec-2] o.s.web.servlet.DispatcherServlet        : Completed 200 OK
2021-10-30 12:13:07.892 DEBUG 8937 --- [http-nio-9221-exec-3] o.s.web.servlet.DispatcherServlet        : POST "/v1/scanFile", parameters={masked}
2021-10-30 12:13:07.895 DEBUG 8937 --- [http-nio-9221-exec-3] s.w.s.m.m.a.RequestMappingHandlerMapping : Mapped to com.hcl.appscan.customscannersservice.controller.CustomScannersController#runScanFile(MultipartFile, String, int[])
2021-10-30 12:13:07.938  WARN 8937 --- [http-nio-9221-exec-3] c.h.a.c.service.ArticleProvider          : Aucun article trouvé pour vulnName : Potential user controlled data within PHP converted to HTML
2021-10-30 12:13:07.939  WARN 8937 --- [http-nio-9221-exec-3] c.h.a.c.service.ArticleProvider          : Aucun article trouvé pour vulnName : Private Data Logged Sink
2021-10-30 12:13:07.939  WARN 8937 --- [http-nio-9221-exec-3] c.h.a.c.service.ArticleProvider          : Aucun article trouvé pour vulnName : Private Data Logged Sink
2021-10-30 12:13:07.939 DEBUG 8937 --- [http-nio-9221-exec-3] o.s.w.s.m.m.a.HttpEntityMethodProcessor  : Using 'application/json', given [application/json] and supported [application/json]
2021-10-30 12:13:07.940 DEBUG 8937 --- [http-nio-9221-exec-3] o.s.w.s.m.m.a.HttpEntityMethodProcessor  : Writing [CustomScannerServiceResult{findings=[CustomScannersServiceFinding{file='account-list.blade.php', lin (truncated)...]
2021-10-30 12:13:07.947 DEBUG 8937 --- [http-nio-9221-exec-3] o.s.web.servlet.DispatcherServlet        : Completed 200 OK
2021-10-30 12:14:19.119 DEBUG 8937 --- [http-nio-9221-exec-4] o.s.web.servlet.DispatcherServlet        : POST "/v1/scanFile", parameters={masked}
2021-10-30 12:14:19.122 DEBUG 8937 --- [http-nio-9221-exec-4] s.w.s.m.m.a.RequestMappingHandlerMapping : Mapped to com.hcl.appscan.customscannersservice.controller.CustomScannersController#runScanFile(MultipartFile, String, int[])
2021-10-30 12:14:19.186  WARN 8937 --- [http-nio-9221-exec-4] c.h.a.c.service.ArticleProvider          : Aucun article trouvé pour vulnName : Potential user controlled data within PHP converted to HTML
2021-10-30 12:14:19.187  WARN 8937 --- [http-nio-9221-exec-4] c.h.a.c.service.ArticleProvider          : Aucun article trouvé pour vulnName : Private Data Logged Sink
2021-10-30 12:14:19.187 DEBUG 8937 --- [http-nio-9221-exec-4] o.s.w.s.m.m.a.HttpEntityMethodProcessor  : Using 'application/json', given [application/json] and supported [application/json]
2021-10-30 12:14:19.188 DEBUG 8937 --- [http-nio-9221-exec-4] o.s.w.s.m.m.a.HttpEntityMethodProcessor  : Writing [CustomScannerServiceResult{findings=[CustomScannersServiceFinding{file='account-list.blade.php', lin (truncated)...]
2021-10-30 12:14:19.193 DEBUG 8937 --- [http-nio-9221-exec-4] o.s.web.servlet.DispatcherServlet        : Completed 200 OK
2021-10-30 12:14:32.150 DEBUG 8937 --- [http-nio-9221-exec-5] o.s.web.servlet.DispatcherServlet        : POST "/v1/scanFile", parameters={masked}
2021-10-30 12:14:32.153 DEBUG 8937 --- [http-nio-9221-exec-5] s.w.s.m.m.a.RequestMappingHandlerMapping : Mapped to com.hcl.appscan.customscannersservice.controller.CustomScannersController#runScanFile(MultipartFile, String, int[])
2021-10-30 12:14:32.217  WARN 8937 --- [http-nio-9221-exec-5] c.h.a.c.service.ArticleProvider          : Aucun article trouvé pour vulnName : Potential user controlled data within PHP converted to HTML
2021-10-30 12:14:32.218  WARN 8937 --- [http-nio-9221-exec-5] c.h.a.c.service.ArticleProvider          : Aucun article trouvé pour vulnName : Private Data Logged Sink
2021-10-30 12:14:32.218 DEBUG 8937 --- [http-nio-9221-exec-5] o.s.w.s.m.m.a.HttpEntityMethodProcessor  : Using 'application/json', given [application/json] and supported [application/json]
2021-10-30 12:14:32.219 DEBUG 8937 --- [http-nio-9221-exec-5] o.s.w.s.m.m.a.HttpEntityMethodProcessor  : Writing [CustomScannerServiceResult{findings=[CustomScannersServiceFinding{file='account-list.blade.php', lin (truncated)...]
2021-10-30 12:14:32.226 DEBUG 8937 --- [http-nio-9221-exec-5] o.s.web.servlet.DispatcherServlet        : Completed 200 OK
2021-10-30 12:16:02.306 DEBUG 8937 --- [http-nio-9221-exec-6] o.s.web.servlet.DispatcherServlet        : POST "/v1/scanFile", parameters={masked}
2021-10-30 12:16:02.307 DEBUG 8937 --- [http-nio-9221-exec-6] s.w.s.m.m.a.RequestMappingHandlerMapping : Mapped to com.hcl.appscan.customscannersservice.controller.CustomScannersController#runScanFile(MultipartFile, String, int[])
2021-10-30 12:16:02.339  WARN 8937 --- [http-nio-9221-exec-6] c.h.a.c.service.ArticleProvider          : Aucun article trouvé pour vulnName : Potential user controlled data within PHP converted to HTML
2021-10-30 12:16:02.339  WARN 8937 --- [http-nio-9221-exec-6] c.h.a.c.service.ArticleProvider          : Aucun article trouvé pour vulnName : Private Data Logged Sink
2021-10-30 12:16:02.339 DEBUG 8937 --- [http-nio-9221-exec-6] o.s.w.s.m.m.a.HttpEntityMethodProcessor  : Using 'application/json', given [application/json] and supported [application/json]
2021-10-30 12:16:02.340 DEBUG 8937 --- [http-nio-9221-exec-6] o.s.w.s.m.m.a.HttpEntityMethodProcessor  : Writing [CustomScannerServiceResult{findings=[CustomScannersServiceFinding{file='account-list.blade.php', lin (truncated)...]
2021-10-30 12:16:02.344 DEBUG 8937 --- [http-nio-9221-exec-6] o.s.web.servlet.DispatcherServlet        : Completed 200 OK
2021-10-30 12:16:14.958 DEBUG 8937 --- [http-nio-9221-exec-7] o.s.web.servlet.DispatcherServlet        : POST "/v1/scanFile", parameters={masked}
2021-10-30 12:16:14.962 DEBUG 8937 --- [http-nio-9221-exec-7] s.w.s.m.m.a.RequestMappingHandlerMapping : Mapped to com.hcl.appscan.customscannersservice.controller.CustomScannersController#runScanFile(MultipartFile, String, int[])
2021-10-30 12:16:15.015  WARN 8937 --- [http-nio-9221-exec-7] c.h.a.c.service.ArticleProvider          : Aucun article trouvé pour vulnName : Potential user controlled data within PHP converted to HTML
2021-10-30 12:16:15.015  WARN 8937 --- [http-nio-9221-exec-7] c.h.a.c.service.ArticleProvider          : Aucun article trouvé pour vulnName : Private Data Logged Sink
2021-10-30 12:16:15.016 DEBUG 8937 --- [http-nio-9221-exec-7] o.s.w.s.m.m.a.HttpEntityMethodProcessor  : Using 'application/json', given [application/json] and supported [application/json]
2021-10-30 12:16:15.016 DEBUG 8937 --- [http-nio-9221-exec-7] o.s.w.s.m.m.a.HttpEntityMethodProcessor  : Writing [CustomScannerServiceResult{findings=[CustomScannersServiceFinding{file='account-list.blade.php', lin (truncated)...]
2021-10-30 12:16:15.020 DEBUG 8937 --- [http-nio-9221-exec-7] o.s.web.servlet.DispatcherServlet        : Completed 200 OK
2021-10-30 12:16:27.036 DEBUG 8937 --- [http-nio-9221-exec-8] o.s.web.servlet.DispatcherServlet        : POST "/v1/scanFile", parameters={masked}
2021-10-30 12:16:27.046 DEBUG 8937 --- [http-nio-9221-exec-8] s.w.s.m.m.a.RequestMappingHandlerMapping : Mapped to com.hcl.appscan.customscannersservice.controller.CustomScannersController#runScanFile(MultipartFile, String, int[])
2021-10-30 12:16:27.098  WARN 8937 --- [http-nio-9221-exec-8] c.h.a.c.service.ArticleProvider          : Aucun article trouvé pour vulnName : Potential user controlled data within PHP converted to HTML
2021-10-30 12:16:27.098  WARN 8937 --- [http-nio-9221-exec-8] c.h.a.c.service.ArticleProvider          : Aucun article trouvé pour vulnName : Private Data Logged Sink
2021-10-30 12:16:27.099 DEBUG 8937 --- [http-nio-9221-exec-8] o.s.w.s.m.m.a.HttpEntityMethodProcessor  : Using 'application/json', given [application/json] and supported [application/json]
2021-10-30 12:16:27.100 DEBUG 8937 --- [http-nio-9221-exec-8] o.s.w.s.m.m.a.HttpEntityMethodProcessor  : Writing [CustomScannerServiceResult{findings=[CustomScannersServiceFinding{file='account-list.blade.php', lin (truncated)...]
2021-10-30 12:16:27.104 DEBUG 8937 --- [http-nio-9221-exec-8] o.s.web.servlet.DispatcherServlet        : Completed 200 OK
2021-10-30 12:16:30.123 DEBUG 8937 --- [http-nio-9221-exec-9] o.s.web.servlet.DispatcherServlet        : POST "/v1/scanFile", parameters={masked}
2021-10-30 12:16:30.131 DEBUG 8937 --- [http-nio-9221-exec-9] s.w.s.m.m.a.RequestMappingHandlerMapping : Mapped to com.hcl.appscan.customscannersservice.controller.CustomScannersController#runScanFile(MultipartFile, String, int[])
2021-10-30 12:16:30.196  WARN 8937 --- [http-nio-9221-exec-9] c.h.a.c.service.ArticleProvider          : Aucun article trouvé pour vulnName : Potential user controlled data within PHP converted to HTML
2021-10-30 12:16:30.197 DEBUG 8937 --- [http-nio-9221-exec-9] o.s.w.s.m.m.a.HttpEntityMethodProcessor  : Using 'application/json', given [application/json] and supported [application/json]
2021-10-30 12:16:30.197 DEBUG 8937 --- [http-nio-9221-exec-9] o.s.w.s.m.m.a.HttpEntityMethodProcessor  : Writing [CustomScannerServiceResult{findings=[CustomScannersServiceFinding{file='account-list.blade.php', lin (truncated)...]
2021-10-30 12:16:30.200 DEBUG 8937 --- [http-nio-9221-exec-9] o.s.web.servlet.DispatcherServlet        : Completed 200 OK
2021-10-30 12:17:29.982 DEBUG 8937 --- [http-nio-9221-exec-10] o.s.web.servlet.DispatcherServlet        : POST "/v1/scanFile", parameters={masked}
2021-10-30 12:17:29.985 DEBUG 8937 --- [http-nio-9221-exec-10] s.w.s.m.m.a.RequestMappingHandlerMapping : Mapped to com.hcl.appscan.customscannersservice.controller.CustomScannersController#runScanFile(MultipartFile, String, int[])
2021-10-30 12:17:30.052  WARN 8937 --- [http-nio-9221-exec-10] c.h.a.c.service.ArticleProvider          : Aucun article trouvé pour vulnName : Private Data Logged Sink
2021-10-30 12:17:30.052  WARN 8937 --- [http-nio-9221-exec-10] c.h.a.c.service.ArticleProvider          : Aucun article trouvé pour vulnName : Anchor generated with potential user-controlled data
2021-10-30 12:17:30.052  WARN 8937 --- [http-nio-9221-exec-10] c.h.a.c.service.ArticleProvider          : Aucun article trouvé pour vulnName : Potential user controlled data within PHP converted to HTML
2021-10-30 12:17:30.052 DEBUG 8937 --- [http-nio-9221-exec-10] o.s.w.s.m.m.a.HttpEntityMethodProcessor  : Using 'application/json', given [application/json] and supported [application/json]
2021-10-30 12:17:30.053 DEBUG 8937 --- [http-nio-9221-exec-10] o.s.w.s.m.m.a.HttpEntityMethodProcessor  : Writing [CustomScannerServiceResult{findings=[CustomScannersServiceFinding{file='account-list.blade.php', lin (truncated)...]
2021-10-30 12:17:30.056 DEBUG 8937 --- [http-nio-9221-exec-10] o.s.web.servlet.DispatcherServlet        : Completed 200 OK
2021-10-30 12:17:34.743 DEBUG 8937 --- [http-nio-9221-exec-1] o.s.web.servlet.DispatcherServlet        : POST "/v1/scanFile", parameters={masked}
2021-10-30 12:17:34.746 DEBUG 8937 --- [http-nio-9221-exec-1] s.w.s.m.m.a.RequestMappingHandlerMapping : Mapped to com.hcl.appscan.customscannersservice.controller.CustomScannersController#runScanFile(MultipartFile, String, int[])
2021-10-30 12:17:34.795  WARN 8937 --- [http-nio-9221-exec-1] c.h.a.c.service.ArticleProvider          : Aucun article trouvé pour vulnName : Private Data Logged Sink
2021-10-30 12:17:34.795  WARN 8937 --- [http-nio-9221-exec-1] c.h.a.c.service.ArticleProvider          : Aucun article trouvé pour vulnName : Anchor generated with potential user-controlled data
2021-10-30 12:17:34.796  WARN 8937 --- [http-nio-9221-exec-1] c.h.a.c.service.ArticleProvider          : Aucun article trouvé pour vulnName : Potential user controlled data within PHP converted to HTML
2021-10-30 12:17:34.796 DEBUG 8937 --- [http-nio-9221-exec-1] o.s.w.s.m.m.a.HttpEntityMethodProcessor  : Using 'application/json', given [application/json] and supported [application/json]
2021-10-30 12:17:34.797 DEBUG 8937 --- [http-nio-9221-exec-1] o.s.w.s.m.m.a.HttpEntityMethodProcessor  : Writing [CustomScannerServiceResult{findings=[CustomScannersServiceFinding{file='account-list.blade.php', lin (truncated)...]
2021-10-30 12:17:34.802 DEBUG 8937 --- [http-nio-9221-exec-1] o.s.web.servlet.DispatcherServlet        : Completed 200 OK
2021-10-30 12:18:07.855 DEBUG 8937 --- [http-nio-9221-exec-2] o.s.web.servlet.DispatcherServlet        : POST "/v1/scanFile", parameters={masked}
2021-10-30 12:18:07.860 DEBUG 8937 --- [http-nio-9221-exec-2] s.w.s.m.m.a.RequestMappingHandlerMapping : Mapped to com.hcl.appscan.customscannersservice.controller.CustomScannersController#runScanFile(MultipartFile, String, int[])
2021-10-30 12:18:07.918  WARN 8937 --- [http-nio-9221-exec-2] c.h.a.c.service.ArticleProvider          : Aucun article trouvé pour vulnName : Private Data Logged Sink
2021-10-30 12:18:07.918  WARN 8937 --- [http-nio-9221-exec-2] c.h.a.c.service.ArticleProvider          : Aucun article trouvé pour vulnName : Anchor generated with potential user-controlled data
2021-10-30 12:18:07.918  WARN 8937 --- [http-nio-9221-exec-2] c.h.a.c.service.ArticleProvider          : Aucun article trouvé pour vulnName : Potential user controlled data within PHP converted to HTML
2021-10-30 12:18:07.919 DEBUG 8937 --- [http-nio-9221-exec-2] o.s.w.s.m.m.a.HttpEntityMethodProcessor  : Using 'application/json', given [application/json] and supported [application/json]
2021-10-30 12:18:07.919 DEBUG 8937 --- [http-nio-9221-exec-2] o.s.w.s.m.m.a.HttpEntityMethodProcessor  : Writing [CustomScannerServiceResult{findings=[CustomScannersServiceFinding{file='account-list.blade.php', lin (truncated)...]
2021-10-30 12:18:07.925 DEBUG 8937 --- [http-nio-9221-exec-2] o.s.web.servlet.DispatcherServlet        : Completed 200 OK
2021-10-30 12:18:08.450 DEBUG 8937 --- [http-nio-9221-exec-3] o.s.web.servlet.DispatcherServlet        : POST "/v1/scanFile", parameters={masked}
2021-10-30 12:18:08.453 DEBUG 8937 --- [http-nio-9221-exec-3] s.w.s.m.m.a.RequestMappingHandlerMapping : Mapped to com.hcl.appscan.customscannersservice.controller.CustomScannersController#runScanFile(MultipartFile, String, int[])
2021-10-30 12:18:08.512  WARN 8937 --- [http-nio-9221-exec-3] c.h.a.c.service.ArticleProvider          : Aucun article trouvé pour vulnName : Private Data Logged Sink
2021-10-30 12:18:08.512  WARN 8937 --- [http-nio-9221-exec-3] c.h.a.c.service.ArticleProvider          : Aucun article trouvé pour vulnName : Anchor generated with potential user-controlled data
2021-10-30 12:18:08.513  WARN 8937 --- [http-nio-9221-exec-3] c.h.a.c.service.ArticleProvider          : Aucun article trouvé pour vulnName : Potential user controlled data within PHP converted to HTML
2021-10-30 12:18:08.513 DEBUG 8937 --- [http-nio-9221-exec-3] o.s.w.s.m.m.a.HttpEntityMethodProcessor  : Using 'application/json', given [application/json] and supported [application/json]
2021-10-30 12:18:08.513 DEBUG 8937 --- [http-nio-9221-exec-3] o.s.w.s.m.m.a.HttpEntityMethodProcessor  : Writing [CustomScannerServiceResult{findings=[CustomScannersServiceFinding{file='account-list.blade.php', lin (truncated)...]
2021-10-30 12:18:08.517 DEBUG 8937 --- [http-nio-9221-exec-3] o.s.web.servlet.DispatcherServlet        : Completed 200 OK
2021-10-30 12:18:08.941 DEBUG 8937 --- [http-nio-9221-exec-4] o.s.web.servlet.DispatcherServlet        : POST "/v1/scanFile", parameters={masked}
2021-10-30 12:18:08.945 DEBUG 8937 --- [http-nio-9221-exec-4] s.w.s.m.m.a.RequestMappingHandlerMapping : Mapped to com.hcl.appscan.customscannersservice.controller.CustomScannersController#runScanFile(MultipartFile, String, int[])
2021-10-30 12:18:09.015  WARN 8937 --- [http-nio-9221-exec-4] c.h.a.c.service.ArticleProvider          : Aucun article trouvé pour vulnName : Private Data Logged Sink
2021-10-30 12:18:09.016  WARN 8937 --- [http-nio-9221-exec-4] c.h.a.c.service.ArticleProvider          : Aucun article trouvé pour vulnName : Anchor generated with potential user-controlled data
2021-10-30 12:18:09.016  WARN 8937 --- [http-nio-9221-exec-4] c.h.a.c.service.ArticleProvider          : Aucun article trouvé pour vulnName : Potential user controlled data within PHP converted to HTML
2021-10-30 12:18:09.016 DEBUG 8937 --- [http-nio-9221-exec-4] o.s.w.s.m.m.a.HttpEntityMethodProcessor  : Using 'application/json', given [application/json] and supported [application/json]
2021-10-30 12:18:09.016 DEBUG 8937 --- [http-nio-9221-exec-4] o.s.w.s.m.m.a.HttpEntityMethodProcessor  : Writing [CustomScannerServiceResult{findings=[CustomScannersServiceFinding{file='account-list.blade.php', lin (truncated)...]
2021-10-30 12:18:09.020 DEBUG 8937 --- [http-nio-9221-exec-4] o.s.web.servlet.DispatcherServlet        : Completed 200 OK
2021-10-30 12:18:17.568 DEBUG 8937 --- [http-nio-9221-exec-5] o.s.web.servlet.DispatcherServlet        : POST "/v1/scanFile", parameters={masked}
2021-10-30 12:18:17.569 DEBUG 8937 --- [http-nio-9221-exec-5] s.w.s.m.m.a.RequestMappingHandlerMapping : Mapped to com.hcl.appscan.customscannersservice.controller.CustomScannersController#runScanFile(MultipartFile, String, int[])
2021-10-30 12:18:17.600  WARN 8937 --- [http-nio-9221-exec-5] c.h.a.c.service.ArticleProvider          : Aucun article trouvé pour vulnName : Private Data Logged Sink
2021-10-30 12:18:17.600  WARN 8937 --- [http-nio-9221-exec-5] c.h.a.c.service.ArticleProvider          : Aucun article trouvé pour vulnName : Anchor generated with potential user-controlled data
2021-10-30 12:18:17.600  WARN 8937 --- [http-nio-9221-exec-5] c.h.a.c.service.ArticleProvider          : Aucun article trouvé pour vulnName : Potential user controlled data within PHP converted to HTML
2021-10-30 12:18:17.601 DEBUG 8937 --- [http-nio-9221-exec-5] o.s.w.s.m.m.a.HttpEntityMethodProcessor  : Using 'application/json', given [application/json] and supported [application/json]
2021-10-30 12:18:17.601 DEBUG 8937 --- [http-nio-9221-exec-5] o.s.w.s.m.m.a.HttpEntityMethodProcessor  : Writing [CustomScannerServiceResult{findings=[CustomScannersServiceFinding{file='account-list.blade.php', lin (truncated)...]
2021-10-30 12:18:17.604 DEBUG 8937 --- [http-nio-9221-exec-5] o.s.web.servlet.DispatcherServlet        : Completed 200 OK
2021-10-30 12:18:36.797  INFO 11492 --- [main] c.h.a.c.CustomScannersServiceApplication : Starting CustomScannersServiceApplication on linux with PID 11492 (/home/yuri/.vscode/extensions/hcltechnologies.hclappscancodesweep-1.1.4/lib/custom-scanners-service-1.0.11.jar started by yuri in /home/yuri/Documents/Projets/netflix_plateform/app)
2021-10-30 12:18:36.831  INFO 11492 --- [main] c.h.a.c.CustomScannersServiceApplication : No active profile set, falling back to default profiles: default
2021-10-30 12:18:42.302  INFO 11492 --- [main] o.s.b.w.embedded.tomcat.TomcatWebServer  : Tomcat initialized with port(s): 9221 (http)
2021-10-30 12:18:42.412  INFO 11492 --- [main] o.apache.catalina.core.StandardService   : Starting service [Tomcat]
2021-10-30 12:18:42.416  INFO 11492 --- [main] org.apache.catalina.core.StandardEngine  : Starting Servlet engine: [Apache Tomcat/9.0.29]
2021-10-30 12:18:42.673  INFO 11492 --- [main] o.a.c.c.C.[Tomcat].[localhost].[/]       : Initializing Spring embedded WebApplicationContext
2021-10-30 12:18:42.674 DEBUG 11492 --- [main] o.s.web.context.ContextLoader            : Published root WebApplicationContext as ServletContext attribute with name [org.springframework.web.context.WebApplicationContext.ROOT]
2021-10-30 12:18:42.674  INFO 11492 --- [main] o.s.web.context.ContextLoader            : Root WebApplicationContext: initialization completed in 5376 ms
2021-10-30 12:18:43.175 DEBUG 11492 --- [main] o.s.b.w.s.ServletContextInitializerBeans : Mapping filters: filterRegistrationBean urls=[/*] order=-2147483647, characterEncodingFilter urls=[/*] order=-2147483648, formContentFilter urls=[/*] order=-9900, requestContextFilter urls=[/*] order=-105
2021-10-30 12:18:43.176 DEBUG 11492 --- [main] o.s.b.w.s.ServletContextInitializerBeans : Mapping servlets: dispatcherServlet urls=[/]
2021-10-30 12:18:48.110 DEBUG 11492 --- [main] s.w.s.m.m.a.RequestMappingHandlerMapping : 19 mappings in 'requestMappingHandlerMapping'
2021-10-30 12:18:48.311  INFO 11492 --- [main] o.s.b.a.e.web.EndpointLinksResolver      : Exposing 2 endpoint(s) beneath base path '/actuator'
2021-10-30 12:18:48.526  INFO 11492 --- [main] pertySourcedRequestMappingHandlerMapping : Mapped URL path [/v2/api-docs] onto method [springfox.documentation.swagger2.web.Swagger2Controller#getDocumentation(String, HttpServletRequest)]
2021-10-30 12:18:48.827  INFO 11492 --- [main] o.s.s.concurrent.ThreadPoolTaskExecutor  : Initializing ExecutorService 'applicationTaskExecutor'
2021-10-30 12:18:48.880 DEBUG 11492 --- [main] s.w.s.m.m.a.RequestMappingHandlerAdapter : ControllerAdvice beans: 0 @ModelAttribute, 0 @InitBinder, 1 RequestBodyAdvice, 1 ResponseBodyAdvice
2021-10-30 12:18:49.273 DEBUG 11492 --- [main] o.s.w.s.handler.SimpleUrlHandlerMapping  : Patterns [/webjars/**, /**] in 'resourceHandlerMapping'
2021-10-30 12:18:49.298 DEBUG 11492 --- [main] .m.m.a.ExceptionHandlerExceptionResolver : ControllerAdvice beans: 1 @ExceptionHandler, 1 ResponseBodyAdvice
2021-10-30 12:18:49.504  INFO 11492 --- [main] d.s.w.p.DocumentationPluginsBootstrapper : Context refreshed
2021-10-30 12:18:49.582  INFO 11492 --- [main] d.s.w.p.DocumentationPluginsBootstrapper : Found 1 custom documentation plugin(s)
2021-10-30 12:18:49.702  INFO 11492 --- [main] s.d.s.w.s.ApiListingReferenceScanner     : Scanning for api listing references
2021-10-30 12:18:50.871  INFO 11492 --- [main] o.apache.catalina.core.StandardService   : Stopping service [Tomcat]
2021-10-30 12:18:50.927  INFO 11492 --- [main] ConditionEvaluationReportLoggingListener : 

Error starting ApplicationContext. To display the conditions report re-run your application with 'debug' enabled.
2021-10-30 12:18:50.934 ERROR 11492 --- [main] o.s.b.d.LoggingFailureAnalysisReporter   : 

***************************
APPLICATION FAILED TO START
***************************

Description:

Web server failed to start. Port 9221 was already in use.

Action:

Identify and stop the process that's listening on port 9221 or configure this application to listen on another port.

2021-10-30 12:18:50.943  INFO 11492 --- [main] o.s.s.concurrent.ThreadPoolTaskExecutor  : Shutting down ExecutorService 'applicationTaskExecutor'
